<?xml version="1.0" encoding="UTF-8"?>
<testsuite name="controllers.StartupControllerTest" tests="1" skipped="0" failures="0" errors="0" timestamp="2018-04-14T00:13:20" hostname="Vinayaks-MBP" time="0.002">
  <properties/>
  <testcase name="main" classname="controllers.StartupControllerTest" time="0.002"/>
  <system-out><![CDATA[adsfasdfasdfasdf
]]></system-out>
  <system-err><![CDATA[]]></system-err>
</testsuite>
